<?xml version="1.0" encoding="UTF-8"?>
<testsuite xmlns:xsi="http://www.w3.org/2001/XMLSchema-instance" xsi:noNamespaceSchemaLocation="https://maven.apache.org/surefire/maven-failsafe-plugin/xsd/failsafe-test-report.xsd" name="tests.IntegrationDB" time="0.031" tests="1" errors="1" skipped="0" failures="0">
  <properties>
[...]
</properties>
  <testcase name="initializationError" classname="tests.IntegrationDB" time="0">
    <error message="org/slf4j/impl/StaticLoggerBinder" type="java.lang.NoClassDefFoundError">java.lang.NoClassDefFoundError: org/slf4j/impl/StaticLoggerBinder
Caused by: java.lang.ClassNotFoundException: org.slf4j.impl.StaticLoggerBinder
</error>
    <system-err><![CDATA[SLF4J: Failed to load class "org.slf4j.impl.StaticLoggerBinder".
SLF4J: See http://www.slf4j.org/codes.html#StaticLoggerBinder for further details.
]]></system-err>
  </testcase>
</testsuite>